<?xml version="1.0" encoding="UTF-8"?>
<testsuite name="voxgig.struct.StructCorpusTest" tests="60" skipped="0" failures="0" errors="0" timestamp="2026-05-14T04:17:46.198Z" hostname="vm" time="0.461">
  <properties/>
  <testcase name="minor-isnode" classname="voxgig.struct.StructCorpusTest" time="0.123"/>
  <testcase name="minor-ismap" classname="voxgig.struct.StructCorpusTest" time="0.001"/>
  <testcase name="minor-islist" classname="voxgig.struct.StructCorpusTest" time="0.0"/>
  <testcase name="minor-iskey" classname="voxgig.struct.StructCorpusTest" time="0.0"/>
  <testcase name="minor-strkey" classname="voxgig.struct.StructCorpusTest" time="0.001"/>
  <testcase name="minor-isempty" classname="voxgig.struct.StructCorpusTest" time="0.0"/>
  <testcase name="minor-isfunc" classname="voxgig.struct.StructCorpusTest" time="0.0"/>
  <testcase name="minor-getprop" classname="voxgig.struct.StructCorpusTest" time="0.009"/>
  <testcase name="minor-getelem" classname="voxgig.struct.StructCorpusTest" time="0.001"/>
  <testcase name="minor-clone" classname="voxgig.struct.StructCorpusTest" time="0.001"/>
  <testcase name="minor-items" classname="voxgig.struct.StructCorpusTest" time="0.004"/>
  <testcase name="minor-keysof" classname="voxgig.struct.StructCorpusTest" time="0.001"/>
  <testcase name="minor-haskey" classname="voxgig.struct.StructCorpusTest" time="0.0"/>
  <testcase name="minor-setprop" classname="voxgig.struct.StructCorpusTest" time="0.003"/>
  <testcase name="minor-delprop" classname="voxgig.struct.StructCorpusTest" time="0.001"/>
  <testcase name="minor-size" classname="voxgig.struct.StructCorpusTest" time="0.0"/>
  <testcase name="minor-typify" classname="voxgig.struct.StructCorpusTest" time="0.0"/>
  <testcase name="minor-typename" classname="voxgig.struct.StructCorpusTest" time="0.0"/>
  <testcase name="minor-slice" classname="voxgig.struct.StructCorpusTest" time="0.0"/>
  <testcase name="minor-pad" classname="voxgig.struct.StructCorpusTest" time="0.001"/>
  <testcase name="minor-flatten" classname="voxgig.struct.StructCorpusTest" time="0.0"/>
  <testcase name="minor-filter" classname="voxgig.struct.StructCorpusTest" time="0.002"/>
  <testcase name="minor-escre" classname="voxgig.struct.StructCorpusTest" time="0.001"/>
  <testcase name="minor-escurl" classname="voxgig.struct.StructCorpusTest" time="0.001"/>
  <testcase name="minor-join" classname="voxgig.struct.StructCorpusTest" time="0.008"/>
  <testcase name="minor-stringify" classname="voxgig.struct.StructCorpusTest" time="0.001"/>
  <testcase name="minor-jsonify" classname="voxgig.struct.StructCorpusTest" time="0.001"/>
  <testcase name="minor-pathify" classname="voxgig.struct.StructCorpusTest" time="0.002"/>
  <testcase name="minor-setpath" classname="voxgig.struct.StructCorpusTest" time="0.001"/>
  <testcase name="minor-getdef" classname="voxgig.struct.StructCorpusTest" time="0.001"/>
  <testcase name="walk-basic" classname="voxgig.struct.StructCorpusTest" time="0.002"/>
  <testcase name="walk-log" classname="voxgig.struct.StructCorpusTest" time="0.0"/>
  <testcase name="walk-depth" classname="voxgig.struct.StructCorpusTest" time="0.001"/>
  <testcase name="merge-cases" classname="voxgig.struct.StructCorpusTest" time="0.003"/>
  <testcase name="merge-array" classname="voxgig.struct.StructCorpusTest" time="0.004"/>
  <testcase name="merge-integrity" classname="voxgig.struct.StructCorpusTest" time="0.001"/>
  <testcase name="merge-depth" classname="voxgig.struct.StructCorpusTest" time="0.0"/>
  <testcase name="getpath-basic" classname="voxgig.struct.StructCorpusTest" time="0.0"/>
  <testcase name="getpath-relative" classname="voxgig.struct.StructCorpusTest" time="0.001"/>
  <testcase name="getpath-special" classname="voxgig.struct.StructCorpusTest" time="0.0"/>
  <testcase name="inject-string" classname="voxgig.struct.StructCorpusTest" time="0.001"/>
  <testcase name="inject-deep" classname="voxgig.struct.StructCorpusTest" time="0.002"/>
  <testcase name="transform-paths" classname="voxgig.struct.StructCorpusTest" time="0.005"/>
  <testcase name="transform-cmds" classname="voxgig.struct.StructCorpusTest" time="0.005"/>
  <testcase name="transform-each" classname="voxgig.struct.StructCorpusTest" time="0.015"/>
  <testcase name="transform-pack" classname="voxgig.struct.StructCorpusTest" time="0.007"/>
  <testcase name="transform-ref" classname="voxgig.struct.StructCorpusTest" time="0.009"/>
  <testcase name="transform-format" classname="voxgig.struct.StructCorpusTest" time="0.003"/>
  <testcase name="transform-modify" classname="voxgig.struct.StructCorpusTest" time="0.001"/>
  <testcase name="transform-apply" classname="voxgig.struct.StructCorpusTest" time="0.006"/>
  <testcase name="validate-basic" classname="voxgig.struct.StructCorpusTest" time="0.012"/>
  <testcase name="validate-child" classname="voxgig.struct.StructCorpusTest" time="0.008"/>
  <testcase name="validate-one" classname="voxgig.struct.StructCorpusTest" time="0.004"/>
  <testcase name="validate-exact" classname="voxgig.struct.StructCorpusTest" time="0.003"/>
  <testcase name="validate-invalid" classname="voxgig.struct.StructCorpusTest" time="0.001"/>
  <testcase name="validate-special" classname="voxgig.struct.StructCorpusTest" time="0.002"/>
  <testcase name="select-basic" classname="voxgig.struct.StructCorpusTest" time="0.002"/>
  <testcase name="select-operators" classname="voxgig.struct.StructCorpusTest" time="0.14"/>
  <testcase name="select-edge" classname="voxgig.struct.StructCorpusTest" time="0.022"/>
  <testcase name="select-alts" classname="voxgig.struct.StructCorpusTest" time="0.004"/>
  <system-out><![CDATA[
========= STRUCT CORPUS SCOREBOARD =========
  getpath.jsonic       93 /   93
      getpath.basic                  58/58
      getpath.relative               20/20
      getpath.special                15/15
  inject.jsonic        41 /   41
      inject.deep                    22/22
      inject.string                  19/19
  merge.jsonic        141 /  141
      merge.array                    35/35
      merge.cases                    55/55
      merge.depth                    45/45
      merge.integrity                6/6
  minor.jsonic        523 /  523
      minor.clone                    13/13
      minor.delprop                  24/24
      minor.escre                    2/2
      minor.escurl                   2/2
      minor.filter                   2/2
      minor.flatten                  4/4
      minor.getelem                  28/28
      minor.getprop                  53/53
      minor.haskey                   20/20
      minor.isempty                  14/14
      minor.isfunc                   9/9
      minor.iskey                    13/13
      minor.islist                   7/7
      minor.ismap                    7/7
      minor.isnode                   7/7
      minor.items                    15/15
      minor.join                     13/13
      minor.jsonify                  23/23
      minor.keysof                   9/9
      minor.pad                      41/41
      minor.pathify                  39/39
      minor.setpath                  9/9
      minor.setprop                  23/23
      minor.size                     19/19
      minor.slice                    85/85
      minor.stringify                12/12
      minor.strkey                   14/14
      minor.typename                 6/6
      minor.typify                   10/10
  select.jsonic        88 /   88
      select.alts                    7/7
      select.basic                   12/12
      select.edge                    11/11
      select.operators               58/58
  transform.jsonic    192 /  192
      transform.apply                3/3
      transform.cmds                 35/35
      transform.each                 43/43
      transform.format               22/22
      transform.modify               1/1
      transform.pack                 19/19
      transform.paths                44/44
      transform.ref                  25/25
  validate.jsonic     141 /  141
      validate.basic                 63/63
      validate.child                 23/23
      validate.exact                 21/21
      validate.invalid               6/6
      validate.one                   10/10
      validate.special               18/18
  walk.jsonic          40 /   40
      walk.basic                     32/32
      walk.depth                     8/8
      walk.log                       0/0
  TOTAL              1259 / 1259
============================================

]]></system-out>
  <system-err><![CDATA[]]></system-err>
</testsuite>
