<?xml version="1.0" encoding="UTF-8"?>
<testsuite name="voxgig.struct.StructMinorTest" tests="30" skipped="0" failures="0" errors="0" timestamp="2026-05-14T04:17:46.686Z" hostname="vm" time="0.473">
  <properties/>
  <testcase name="minorDelprop()" classname="voxgig.struct.StructMinorTest" time="0.039"/>
  <testcase name="minorPad()" classname="voxgig.struct.StructMinorTest" time="0.023"/>
  <testcase name="exists()" classname="voxgig.struct.StructMinorTest" time="0.017"/>
  <testcase name="minorSetpath()" classname="voxgig.struct.StructMinorTest" time="0.015"/>
  <testcase name="minorSetprop()" classname="voxgig.struct.StructMinorTest" time="0.016"/>
  <testcase name="minorIsempty()" classname="voxgig.struct.StructMinorTest" time="0.015"/>
  <testcase name="minorJsonify()" classname="voxgig.struct.StructMinorTest" time="0.015"/>
  <testcase name="minorPathify()" classname="voxgig.struct.StructMinorTest" time="0.014"/>
  <testcase name="minorFlatten()" classname="voxgig.struct.StructMinorTest" time="0.013"/>
  <testcase name="minorStringify()" classname="voxgig.struct.StructMinorTest" time="0.015"/>
  <testcase name="minorClone()" classname="voxgig.struct.StructMinorTest" time="0.014"/>
  <testcase name="minorEscre()" classname="voxgig.struct.StructMinorTest" time="0.013"/>
  <testcase name="minorIskey()" classname="voxgig.struct.StructMinorTest" time="0.014"/>
  <testcase name="minorIsmap()" classname="voxgig.struct.StructMinorTest" time="0.012"/>
  <testcase name="minorItems()" classname="voxgig.struct.StructMinorTest" time="0.014"/>
  <testcase name="minorSlice()" classname="voxgig.struct.StructMinorTest" time="0.015"/>
  <testcase name="minorGetelem()" classname="voxgig.struct.StructMinorTest" time="0.013"/>
  <testcase name="minorGetprop()" classname="voxgig.struct.StructMinorTest" time="0.014"/>
  <testcase name="minorJoin()" classname="voxgig.struct.StructMinorTest" time="0.015"/>
  <testcase name="minorSize()" classname="voxgig.struct.StructMinorTest" time="0.012"/>
  <testcase name="minorEscurl()" classname="voxgig.struct.StructMinorTest" time="0.012"/>
  <testcase name="minorFilter()" classname="voxgig.struct.StructMinorTest" time="0.012"/>
  <testcase name="minorHaskey()" classname="voxgig.struct.StructMinorTest" time="0.014"/>
  <testcase name="minorIsfunc()" classname="voxgig.struct.StructMinorTest" time="0.012"/>
  <testcase name="minorIslist()" classname="voxgig.struct.StructMinorTest" time="0.014"/>
  <testcase name="minorIsnode()" classname="voxgig.struct.StructMinorTest" time="0.012"/>
  <testcase name="minorKeysof()" classname="voxgig.struct.StructMinorTest" time="0.012"/>
  <testcase name="minorStrkey()" classname="voxgig.struct.StructMinorTest" time="0.015"/>
  <testcase name="minorTypify()" classname="voxgig.struct.StructMinorTest" time="0.014"/>
  <testcase name="minorTypename()" classname="voxgig.struct.StructMinorTest" time="0.012"/>
  <system-out><![CDATA[]]></system-out>
  <system-err><![CDATA[]]></system-err>
</testsuite>
